20:55:14.315 [main                     ] DEBUG Logger               - Configured Logger
20:55:14.354 [main                     ] DEBUG GameApplication      - Logging settings
Title: UI Remix
Version: 0.1 - Team thằng nào mạnh, thằng đấy làm!
Width: 1280
Height: 720
Fullscreen: false
Intro: false
Profiling: false
Single step:false
App Mode: DEVELOPER
Menu Key: ESCAPE
Stage Style: DECORATED
Scene Factory: class com.almasb.fxgl.app.scene.SceneFactory

20:55:14.903 [JavaFX Application Thread] DEBUG FXGLApplication      - Initializing FXGL
20:55:14.910 [JavaFX Application Thread] INFO  Engine               - FXGL-17.3 (30.03.2023 11.49) on WINDOWS (J:17.0.10 FX:17.0.6)
20:55:14.910 [JavaFX Application Thread] DEBUG Engine               - JRE Vendor Name: Oracle Corporation
20:55:14.911 [JavaFX Application Thread] DEBUG Engine               - Running on OS: Windows 11 version 10.0
20:55:14.911 [JavaFX Application Thread] DEBUG Engine               - Architecture: amd64
20:55:14.911 [JavaFX Application Thread] INFO  Engine               - Source code and latest versions at: https://github.com/AlmasB/FXGL
20:55:14.911 [JavaFX Application Thread] INFO  Engine               -       Ask questions and discuss at: https://github.com/AlmasB/FXGL/discussions
20:55:14.911 [JavaFX Application Thread] INFO  Engine               -              Join the FXGL chat at: https://gitter.im/AlmasB/FXGL
20:55:15.019 [JavaFX Application Thread] DEBUG PrimaryStageWindow   - Creating a JavaFX scene
20:55:15.074 [JavaFX Application Thread] DEBUG PrimaryStageWindow   - Target settings size: 1280.0 x 720.0
20:55:15.074 [JavaFX Application Thread] DEBUG PrimaryStageWindow   - Scaled scene size:    1280.0 x 720.0
20:55:15.074 [JavaFX Application Thread] DEBUG PrimaryStageWindow   - Scaled ratio: (1.0, 1.0)
20:55:15.076 [JavaFX Application Thread] DEBUG PrimaryStageWindow   - Set initial scene to FXGLStartupScene
20:55:15.084 [JavaFX Application Thread] DEBUG PrimaryStageWindow   - Opening main window
20:55:15.176 [JavaFX Application Thread] DEBUG PrimaryStageWindow   - Window border size: (14.4000244140625, 37.5999755859375)
20:55:15.176 [JavaFX Application Thread] DEBUG PrimaryStageWindow   - Scaled size: 1280.0 x 720.0
20:55:15.176 [JavaFX Application Thread] DEBUG PrimaryStageWindow   - Scaled ratio: (1.0, 1.0)
20:55:15.177 [JavaFX Application Thread] DEBUG PrimaryStageWindow   - Scene size: 1280.0 x 720.0
20:55:15.177 [JavaFX Application Thread] DEBUG PrimaryStageWindow   - Stage size: 1294.4000244140625 x 757.5999755859375
20:55:15.186 [FXGL Background Thread 1 ] DEBUG Engine               - Initializing environment variables
20:55:15.226 [FXGL Background Thread 1 ] DEBUG FXGLAssetLoaderServi - User app class for loading assets: class com.demo.mainapp.crossyroaddemo.HelloApplication
20:55:15.226 [FXGL Background Thread 1 ] DEBUG GameApplicationServi - Applying CSS: fxgl_dark.css
20:55:15.227 [FXGL Background Thread 1 ] DEBUG FXGLAssetLoaderServi - Loading from file system: jar:file:///C:/Users/Admin/.m2/repository/com/github/almasb/fxgl/17.3/fxgl-17.3.jar!/fxglassets/ui/css/fxgl_dark.css
20:55:15.276 [FXGL Background Thread 1 ] DEBUG GameApplicationServi - Initializing application scenes
20:55:15.319 [FXGL Background Thread 1 ] DEBUG GameWorld            - Game world initialized
20:55:15.372 [FXGL Background Thread 1 ] DEBUG PhysicsWorld         - Physics world initialized: appHeight=720, physics.ppm=50.0
20:55:15.373 [FXGL Background Thread 1 ] DEBUG PhysicsWorld         - Using strategy: BRUTE_FORCE
20:55:15.378 [FXGL Background Thread 1 ] DEBUG GameScene            - Game scene initialized: 1280x720
20:55:15.398 [FXGL Background Thread 1 ] DEBUG FXGL.DefaultMenu     - createMenuBodyMainMenu()
20:55:15.416 [FXGL Background Thread 1 ] DEBUG FXGL.DefaultMenu     - createOptionsMenu()
20:55:15.424 [FXGL Background Thread 1 ] DEBUG FXGL.DefaultMenu     - createExtraMenu()
20:55:15.434 [FXGL Background Thread 1 ] DEBUG FXGLAssetLoaderServi - Loading from file system: jar:file:///C:/Users/Admin/.m2/repository/com/github/almasb/fxgl/17.3/fxgl-17.3.jar!/fxglassets/textures/particles/smoke.png
20:55:15.528 [FXGL Background Thread 1 ] DEBUG FXGLAssetLoaderServi - Loading from file system: jar:file:///C:/Users/Admin/.m2/repository/com/github/almasb/fxgl/17.3/fxgl-17.3.jar!/fxglassets/textures/particles/trace_horizontal.png
20:55:15.563 [FXGL Background Thread 1 ] DEBUG FXGL.DefaultMenu     - createMenuBodyGameMenu()
20:55:15.565 [FXGL Background Thread 1 ] DEBUG FXGL.DefaultMenu     - createOptionsMenu()
20:55:15.568 [FXGL Background Thread 1 ] DEBUG FXGL.DefaultMenu     - createExtraMenu()
20:55:15.580 [FXGL Background Thread 1 ] DEBUG GameApplicationServi - Application scenes initialized
20:55:15.595 [FXGL Background Thread 1 ] DEBUG SystemBundleService  - Loading FXGL system data
20:55:15.603 [FXGL Background Thread 1 ] DEBUG FileSystemAccess     - Reading from: C:\Workspace\Do-an\FXGL-training\CrossyRoadDemo\system\fxgl.bundle
20:55:15.614 [FXGL Background Thread 1 ] DEBUG SystemBundleService  - Bundle FXGL: {}
20:55:15.614 [FXGL Background Thread 1 ] DEBUG UpdaterService       - Checking for updates
20:55:15.620 [FXGL Background Thread 4 ] DEBUG FXGLApplication      - Loading fonts
20:55:15.620 [FXGL Background Thread 1 ] DEBUG FXGLApplication      - Loading default localization
20:55:15.620 [FXGL Background Thread 4 ] DEBUG FXGLAssetLoaderServi - Loading from file system: jar:file:///C:/Users/Admin/.m2/repository/com/github/almasb/fxgl/17.3/fxgl-17.3.jar!/fxglassets/ui/fonts/VarelaRound-Regular.ttf
20:55:15.621 [FXGL Background Thread 1 ] DEBUG FXGLAssetLoaderServi - Loading from file system: jar:file:///C:/Users/Admin/.m2/repository/com/github/almasb/fxgl/17.3/fxgl-17.3.jar!/fxglassets/languages/english.lang
20:55:15.640 [FXGL Background Thread 1 ] INFO  FXGLApplication      - FXGL initialization took: 0.454 sec
20:55:15.641 [JavaFX Application Thread] DEBUG FXGLAssetLoaderServi - Loading from file system: jar:file:///C:/Users/Admin/.m2/repository/com/github/almasb/fxgl/17.3/fxgl-17.3.jar!/fxglassets/textures/fxgl_icon.png
20:55:15.657 [JavaFX Application Thread] DEBUG FXGLAssetLoaderServi - Loading from file system: jar:file:///C:/Users/Admin/.m2/repository/com/github/almasb/fxgl/17.3/fxgl-17.3.jar!/fxglassets/textures/fxgl_default_cursor.png
20:55:15.668 [JavaFX Application Thread] DEBUG Input                - Registered new binding: Screenshot - CTRL+8
20:55:15.668 [JavaFX Application Thread] DEBUG Input                - Registered new binding: System info dump - CTRL+9
20:55:15.669 [JavaFX Application Thread] DEBUG Input                - Registered new binding: Restart - CTRL+R
20:55:15.670 [JavaFX Application Thread] DEBUG Input                - Registered new binding: Toggle Debug Camera - CTRL+7
20:55:15.673 [JavaFX Application Thread] DEBUG LoopRunner           - Starting loop
20:55:15.673 [JavaFX Application Thread] DEBUG LoopRunner           - Initializing JavaFX AnimationTimerLoop
20:55:15.675 [JavaFX Application Thread] DEBUG Input                - Clearing active input actions
20:55:15.681 [JavaFX Application Thread] DEBUG GameApplicationServi - Removing overlay from FXGLStartupScene and adding to FXGLMainMenuDummyScene
20:55:15.682 [JavaFX Application Thread] DEBUG PrimaryStageWindow   - FXGLStartupScene -> FXGLMainMenuDummyScene
20:55:15.682 [JavaFX Application Thread] DEBUG PrimaryStageWindow   - Push state: FXGLDefaultMenu
20:55:15.688 [JavaFX Application Thread] DEBUG Input                - Clearing active input actions
20:55:15.701 [JavaFX Application Thread] DEBUG GameApplicationServi - Removing overlay from FXGLMainMenuDummyScene and adding to FXGLDefaultMenu
20:55:15.702 [JavaFX Application Thread] DEBUG PrimaryStageWindow   - FXGLMainMenuDummyScene -> FXGLDefaultMenu
20:55:15.712 [FXGL Background Thread 4 ] DEBUG FXGLAssetLoaderServi - Loading from file system: jar:file:///C:/Users/Admin/.m2/repository/com/github/almasb/fxgl/17.3/fxgl-17.3.jar!/fxglassets/ui/fonts/Abel-Regular.ttf
20:55:15.718 [FXGL Background Thread 4 ] DEBUG FXGLAssetLoaderServi - Loading from file system: jar:file:///C:/Users/Admin/.m2/repository/com/github/almasb/fxgl/17.3/fxgl-17.3.jar!/fxglassets/ui/fonts/TerminalLandMono-Regular.otf
20:55:15.724 [FXGL Background Thread 4 ] DEBUG FXGLAssetLoaderServi - Loading from file system: jar:file:///C:/Users/Admin/.m2/repository/com/github/almasb/fxgl/17.3/fxgl-17.3.jar!/fxglassets/ui/fonts/Courier-Prime.ttf
20:55:15.787 [JavaFX Application Thread] DEBUG FXGLApplication      - Registering font factories with UI factory
20:55:16.507 [FXGL Background Thread 2 ] INFO  UpdaterService       - Your current version:  17.3
20:55:16.507 [FXGL Background Thread 2 ] INFO  UpdaterService       - Latest stable version: 21.1
20:55:18.619 [FXGL Background Thread 3 ] DEBUG Engine               - Logging environment variables
20:55:18.619 [FXGL Background Thread 3 ] DEBUG Engine               - achievements: []
20:55:18.620 [FXGL Background Thread 3 ] DEBUG Engine               - actualHeight: 720.0
20:55:18.620 [FXGL Background Thread 3 ] DEBUG Engine               - actualHeightProperty: ReadOnlyDoubleProperty [value: 720.0]
20:55:18.620 [FXGL Background Thread 3 ] DEBUG Engine               - actualWidth: 1280.0
20:55:18.620 [FXGL Background Thread 3 ] DEBUG Engine               - actualWidthProperty: ReadOnlyDoubleProperty [value: 1280.0]
20:55:18.620 [FXGL Background Thread 3 ] DEBUG Engine               - appIcon: fxgl_icon.png
20:55:18.620 [FXGL Background Thread 3 ] DEBUG Engine               - applicationMode: DEVELOPER
20:55:18.620 [FXGL Background Thread 3 ] DEBUG Engine               - cSSList: [fxgl_dark.css]
20:55:18.620 [FXGL Background Thread 3 ] DEBUG Engine               - collisionDetectionStrategy: BRUTE_FORCE
20:55:18.620 [FXGL Background Thread 3 ] DEBUG Engine               - configClass: Optional.empty
20:55:18.620 [FXGL Background Thread 3 ] DEBUG Engine               - credits: [[Start date: 20 june 2024
, 
, -- Lead --
, Hank
, 
, -- Member --
, Quan
, 
, -- Designer --
, Quan, 
, -- Search idea --
, Hank, Quan]]
20:55:18.621 [FXGL Background Thread 3 ] DEBUG Engine               - defaultCursor: CursorInfo(imageName=fxgl_default_cursor.png, hotspotX=7.0, hotspotY=6.0)
20:55:18.621 [FXGL Background Thread 3 ] DEBUG Engine               - devBBoxColorProperty: ObjectProperty [value: 0xff0000ff]
20:55:18.621 [FXGL Background Thread 3 ] DEBUG Engine               - devEnableDebugCameraProperty: BooleanProperty [value: false]
20:55:18.621 [FXGL Background Thread 3 ] DEBUG Engine               - devSensorColorProperty: ObjectProperty [value: 0xffff00ff]
20:55:18.621 [FXGL Background Thread 3 ] DEBUG Engine               - devShowBBoxProperty: BooleanProperty [value: false]
20:55:18.621 [FXGL Background Thread 3 ] DEBUG Engine               - devShowPositionProperty: BooleanProperty [value: false]
20:55:18.621 [FXGL Background Thread 3 ] DEBUG Engine               - enabledMenuItems: [EXTRA]
20:55:18.621 [FXGL Background Thread 3 ] DEBUG Engine               - engineServices: [class com.almasb.fxgl.app.services.FXGLAssetLoaderService, class com.almasb.fxgl.app.FXGLApplication$GameApplicationService, class com.almasb.fxgl.app.services.FXGLDialogService, class com.almasb.fxgl.app.services.IOTaskExecutorService, class com.almasb.fxgl.io.FileSystemService, class com.almasb.fxgl.localization.LocalizationService, class com.almasb.fxgl.app.services.SystemBundleService, class com.almasb.fxgl.profile.SaveLoadService, class com.almasb.fxgl.ui.FXGLUIFactoryServiceProvider, class com.almasb.fxgl.ui.FXGLDialogFactoryServiceProvider, class com.almasb.fxgl.audio.AudioPlayer, class com.almasb.fxgl.notification.impl.NotificationServiceProvider, class com.almasb.fxgl.achievement.AchievementService, class com.almasb.fxgl.cutscene.CutsceneService, class com.almasb.fxgl.minigames.MiniGameService, class com.almasb.fxgl.net.NetService, class com.almasb.fxgl.app.services.UpdaterService, class com.almasb.fxgl.dev.DevService]
20:55:18.621 [FXGL Background Thread 3 ] DEBUG Engine               - fontGame: Abel-Regular.ttf
20:55:18.621 [FXGL Background Thread 3 ] DEBUG Engine               - fontMono: TerminalLandMono-Regular.otf
20:55:18.621 [FXGL Background Thread 3 ] DEBUG Engine               - fontSizeScaleUI: 1.0
20:55:18.622 [FXGL Background Thread 3 ] DEBUG Engine               - fontText: Courier-Prime.ttf
20:55:18.622 [FXGL Background Thread 3 ] DEBUG Engine               - fontUI: VarelaRound-Regular.ttf
20:55:18.622 [FXGL Background Thread 3 ] DEBUG Engine               - fullScreen: BooleanProperty [value: false]
20:55:18.622 [FXGL Background Thread 3 ] DEBUG Engine               - gameDifficulty: MEDIUM
20:55:18.622 [FXGL Background Thread 3 ] DEBUG Engine               - gameDifficultyProperty: ObjectProperty [value: MEDIUM]
20:55:18.622 [FXGL Background Thread 3 ] DEBUG Engine               - globalMusicVolume: 0.5
20:55:18.622 [FXGL Background Thread 3 ] DEBUG Engine               - globalMusicVolumeProperty: DoubleProperty [value: 0.5]
20:55:18.622 [FXGL Background Thread 3 ] DEBUG Engine               - globalSoundVolume: 0.5
20:55:18.622 [FXGL Background Thread 3 ] DEBUG Engine               - globalSoundVolumeProperty: DoubleProperty [value: 0.5]
20:55:18.623 [FXGL Background Thread 3 ] DEBUG Engine               - height: 720
20:55:18.623 [FXGL Background Thread 3 ] DEBUG Engine               - is3D: false
20:55:18.623 [FXGL Background Thread 3 ] DEBUG Engine               - isAndroid: false
20:55:18.623 [FXGL Background Thread 3 ] DEBUG Engine               - isBrowser: false
20:55:18.623 [FXGL Background Thread 3 ] DEBUG Engine               - isClickFeedbackEnabled: false
20:55:18.623 [FXGL Background Thread 3 ] DEBUG Engine               - isCloseConfirmation: false
20:55:18.623 [FXGL Background Thread 3 ] DEBUG Engine               - isDesktop: true
20:55:18.623 [FXGL Background Thread 3 ] DEBUG Engine               - isDeveloperMenuEnabled: false
20:55:18.623 [FXGL Background Thread 3 ] DEBUG Engine               - isEmbedded: false
20:55:18.623 [FXGL Background Thread 3 ] DEBUG Engine               - isEntityPreloadEnabled: true
20:55:18.623 [FXGL Background Thread 3 ] DEBUG Engine               - isExperimentalTiledLargeMap: false
20:55:18.623 [FXGL Background Thread 3 ] DEBUG Engine               - isFileSystemWriteAllowed: true
20:55:18.623 [FXGL Background Thread 3 ] DEBUG Engine               - isFullScreenAllowed: false
20:55:18.623 [FXGL Background Thread 3 ] DEBUG Engine               - isFullScreenFromStart: false
20:55:18.624 [FXGL Background Thread 3 ] DEBUG Engine               - isGameMenuEnabled: true
20:55:18.624 [FXGL Background Thread 3 ] DEBUG Engine               - isIOS: false
20:55:18.624 [FXGL Background Thread 3 ] DEBUG Engine               - isIntroEnabled: false
20:55:18.624 [FXGL Background Thread 3 ] DEBUG Engine               - isLinux: false
20:55:18.624 [FXGL Background Thread 3 ] DEBUG Engine               - isMac: false
20:55:18.624 [FXGL Background Thread 3 ] DEBUG Engine               - isMainMenuEnabled: true
20:55:18.624 [FXGL Background Thread 3 ] DEBUG Engine               - isManualResizeEnabled: true
20:55:18.625 [FXGL Background Thread 3 ] DEBUG Engine               - isMobile: false
20:55:18.625 [FXGL Background Thread 3 ] DEBUG Engine               - isNative: false
20:55:18.625 [FXGL Background Thread 3 ] DEBUG Engine               - isPauseMusicWhenMinimized: true
20:55:18.625 [FXGL Background Thread 3 ] DEBUG Engine               - isPreserveResizeRatio: true
20:55:18.625 [FXGL Background Thread 3 ] DEBUG Engine               - isProfilingEnabled: false
20:55:18.625 [FXGL Background Thread 3 ] DEBUG Engine               - isScaleAffectedOnResize: true
20:55:18.625 [FXGL Background Thread 3 ] DEBUG Engine               - isSingleStep: false
20:55:18.626 [FXGL Background Thread 3 ] DEBUG Engine               - isUserProfileEnabled: false
20:55:18.626 [FXGL Background Thread 3 ] DEBUG Engine               - isWindows: true
20:55:18.626 [FXGL Background Thread 3 ] DEBUG Engine               - language: ObjectProperty [value: ENGLISH]
20:55:18.626 [FXGL Background Thread 3 ] DEBUG Engine               - menuKey: ESCAPE
20:55:18.626 [FXGL Background Thread 3 ] DEBUG Engine               - mouseSensitivity: 0.2
20:55:18.626 [FXGL Background Thread 3 ] DEBUG Engine               - notificationViewClass: class com.almasb.fxgl.notification.view.XboxNotificationView
20:55:18.626 [FXGL Background Thread 3 ] DEBUG Engine               - pixelsPerMeter: 50.0
20:55:18.626 [FXGL Background Thread 3 ] DEBUG Engine               - platform: WINDOWS
20:55:18.626 [FXGL Background Thread 3 ] DEBUG Engine               - prefHeightProperty: ReadOnlyDoubleProperty [value: 720.0]
20:55:18.626 [FXGL Background Thread 3 ] DEBUG Engine               - prefWidthProperty: ReadOnlyDoubleProperty [value: 1280.0]
20:55:18.626 [FXGL Background Thread 3 ] DEBUG Engine               - profileDir: profiles/
20:55:18.627 [FXGL Background Thread 3 ] DEBUG Engine               - profileName: StringProperty [value: DEFAULT]
20:55:18.627 [FXGL Background Thread 3 ] DEBUG Engine               - randomSeed: -1
20:55:18.627 [FXGL Background Thread 3 ] DEBUG Engine               - runtimeInfo: RuntimeInfo(platform=WINDOWS, version=17.3, build=30.03.2023 11.49)
20:55:18.627 [FXGL Background Thread 3 ] DEBUG Engine               - saveFileExt: sav
20:55:18.628 [FXGL Background Thread 3 ] DEBUG Engine               - scaledHeightProp$fxgl: DoubleProperty [bound, value: 720.0]
20:55:18.628 [FXGL Background Thread 3 ] DEBUG Engine               - scaledWidthProp$fxgl: DoubleProperty [bound, value: 1280.0]
20:55:18.628 [FXGL Background Thread 3 ] DEBUG Engine               - sceneFactory: com.almasb.fxgl.app.scene.SceneFactory@7e717092
20:55:18.628 [FXGL Background Thread 3 ] DEBUG Engine               - secondsIn24h: 60
20:55:18.628 [FXGL Background Thread 3 ] DEBUG Engine               - soundMenuBack: menu/back.wav
20:55:18.628 [FXGL Background Thread 3 ] DEBUG Engine               - soundMenuPress: menu/press.wav
20:55:18.628 [FXGL Background Thread 3 ] DEBUG Engine               - soundMenuSelect: menu/select.wav
20:55:18.628 [FXGL Background Thread 3 ] DEBUG Engine               - soundNotification: core/notification.wav
20:55:18.628 [FXGL Background Thread 3 ] DEBUG Engine               - stageStyle: DECORATED
20:55:18.628 [FXGL Background Thread 3 ] DEBUG Engine               - supportedLanguages: [ENGLISH, FRENCH, GERMAN, HUNGARIAN, RUSSIAN]
20:55:18.628 [FXGL Background Thread 3 ] DEBUG Engine               - ticksPerSecond: -1
20:55:18.628 [FXGL Background Thread 3 ] DEBUG Engine               - title: UI Remix
20:55:18.628 [FXGL Background Thread 3 ] DEBUG Engine               - urlGithub: https://github.com/AlmasB/FXGL
20:55:18.628 [FXGL Background Thread 3 ] DEBUG Engine               - urlLeaderboard: http://fxgl-top.herokuapp.com/
20:55:18.628 [FXGL Background Thread 3 ] DEBUG Engine               - urlPOM: https://raw.githubusercontent.com/AlmasB/FXGL/release/README.md
20:55:18.628 [FXGL Background Thread 3 ] DEBUG Engine               - userAppClass: class com.demo.mainapp.crossyroaddemo.HelloApplication
20:55:18.628 [FXGL Background Thread 3 ] DEBUG Engine               - version: 0.1 - Team thằng nào mạnh, thằng đấy làm!
20:55:18.628 [FXGL Background Thread 3 ] DEBUG Engine               - versionCheckDays: 7
20:55:18.629 [FXGL Background Thread 3 ] DEBUG Engine               - width: 1280
20:55:18.629 [FXGL Background Thread 3 ] DEBUG Engine               - Logging services
20:55:18.629 [FXGL Background Thread 3 ] DEBUG Engine               - class com.almasb.fxgl.app.services.FXGLAssetLoaderService
20:55:18.629 [FXGL Background Thread 3 ] DEBUG Engine               - class com.almasb.fxgl.app.FXGLApplication$GameApplicationService
20:55:18.629 [FXGL Background Thread 3 ] DEBUG Engine               - class com.almasb.fxgl.app.services.FXGLDialogService
20:55:18.629 [FXGL Background Thread 3 ] DEBUG Engine               - class com.almasb.fxgl.app.services.IOTaskExecutorService
20:55:18.629 [FXGL Background Thread 3 ] DEBUG Engine               - class com.almasb.fxgl.io.FileSystemService
20:55:18.629 [FXGL Background Thread 3 ] DEBUG Engine               - class com.almasb.fxgl.localization.LocalizationService
20:55:18.629 [FXGL Background Thread 3 ] DEBUG Engine               - class com.almasb.fxgl.app.services.SystemBundleService
20:55:18.629 [FXGL Background Thread 3 ] DEBUG Engine               - class com.almasb.fxgl.profile.SaveLoadService
20:55:18.629 [FXGL Background Thread 3 ] DEBUG Engine               - class com.almasb.fxgl.ui.FXGLUIFactoryServiceProvider
20:55:18.629 [FXGL Background Thread 3 ] DEBUG Engine               - class com.almasb.fxgl.ui.FXGLDialogFactoryServiceProvider
20:55:18.629 [FXGL Background Thread 3 ] DEBUG Engine               - class com.almasb.fxgl.audio.AudioPlayer
20:55:18.629 [FXGL Background Thread 3 ] DEBUG Engine               - class com.almasb.fxgl.notification.impl.NotificationServiceProvider
20:55:18.629 [FXGL Background Thread 3 ] DEBUG Engine               - class com.almasb.fxgl.achievement.AchievementService
20:55:18.629 [FXGL Background Thread 3 ] DEBUG Engine               - class com.almasb.fxgl.cutscene.CutsceneService
20:55:18.629 [FXGL Background Thread 3 ] DEBUG Engine               - class com.almasb.fxgl.minigames.MiniGameService
20:55:18.629 [FXGL Background Thread 3 ] DEBUG Engine               - class com.almasb.fxgl.net.NetService
20:55:18.629 [FXGL Background Thread 3 ] DEBUG Engine               - class com.almasb.fxgl.app.services.UpdaterService
20:55:18.629 [FXGL Background Thread 3 ] DEBUG Engine               - class com.almasb.fxgl.dev.DevService
20:55:22.152 [JavaFX Application Thread] DEBUG FXGL.DefaultMenu     - createContentCredits()
20:55:22.155 [JavaFX Application Thread] WARN  FXGL.DefaultMenu     - Credit name length > 45: [Start date: 20 june 2024
, 
, -- Lead --
, Hank
, 
, -- Member --
, Quan
, 
, -- Designer --
, Quan, 
, -- Search idea --
, Hank, Quan]
20:55:50.834 [JavaFX Application Thread] DEBUG LoopRunner           - Pausing loop
20:55:52.119 [JavaFX Application Thread] DEBUG LoopRunner           - Resuming loop
20:55:53.275 [JavaFX Application Thread] DEBUG FXGLApplication      - Exiting FXGL
20:55:53.275 [JavaFX Application Thread] DEBUG LoopRunner           - Stopping loop
20:55:53.275 [JavaFX Application Thread] DEBUG SystemBundleService  - Saving FXGL system data
20:55:53.278 [JavaFX Application Thread] DEBUG FileSystemAccess     - Writing to: C:\Workspace\Do-an\FXGL-training\CrossyRoadDemo\system\fxgl.bundle
20:55:53.280 [JavaFX Application Thread] DEBUG Async                - Shutting down background threads
20:55:53.280 [JavaFX Application Thread] DEBUG PrimaryStageWindow   - Closing main window
20:55:53.292 [JavaFX Application Thread] DEBUG Logger               - Closing Logger
