09:52:13.196 [main                     ] DEBUG Logger               - Configured Logger
09:52:13.233 [main                     ] DEBUG GameApplication      - Logging settings
Title: UI Remix
Version: 0.1 - Team thằng nào mạnh, thằng đấy làm!
Width: 1280
Height: 720
Fullscreen: false
Intro: false
Profiling: false
Single step:false
App Mode: DEVELOPER
Menu Key: ESCAPE
Stage Style: DECORATED
Scene Factory: class com.demo.mainapp.crossyroaddemo.HelloApplication$1

09:52:13.756 [JavaFX Application Thread] DEBUG FXGLApplication      - Initializing FXGL
09:52:13.762 [JavaFX Application Thread] INFO  Engine               - FXGL-17.3 (30.03.2023 11.49) on WINDOWS (J:17.0.10 FX:17.0.6)
09:52:13.762 [JavaFX Application Thread] DEBUG Engine               - JRE Vendor Name: Oracle Corporation
09:52:13.763 [JavaFX Application Thread] DEBUG Engine               - Running on OS: Windows 11 version 10.0
09:52:13.763 [JavaFX Application Thread] DEBUG Engine               - Architecture: amd64
09:52:13.763 [JavaFX Application Thread] INFO  Engine               - Source code and latest versions at: https://github.com/AlmasB/FXGL
09:52:13.763 [JavaFX Application Thread] INFO  Engine               -       Ask questions and discuss at: https://github.com/AlmasB/FXGL/discussions
09:52:13.763 [JavaFX Application Thread] INFO  Engine               -              Join the FXGL chat at: https://gitter.im/AlmasB/FXGL
09:52:13.865 [JavaFX Application Thread] DEBUG PrimaryStageWindow   - Creating a JavaFX scene
09:52:13.921 [JavaFX Application Thread] DEBUG PrimaryStageWindow   - Target settings size: 1280.0 x 720.0
09:52:13.922 [JavaFX Application Thread] DEBUG PrimaryStageWindow   - Scaled scene size:    1280.0 x 720.0
09:52:13.922 [JavaFX Application Thread] DEBUG PrimaryStageWindow   - Scaled ratio: (1.0, 1.0)
09:52:13.923 [JavaFX Application Thread] DEBUG PrimaryStageWindow   - Set initial scene to FXGLStartupScene
09:52:13.935 [JavaFX Application Thread] DEBUG PrimaryStageWindow   - Opening main window
09:52:14.041 [JavaFX Application Thread] DEBUG PrimaryStageWindow   - Window border size: (14.4000244140625, 37.5999755859375)
09:52:14.042 [JavaFX Application Thread] DEBUG PrimaryStageWindow   - Scaled size: 1280.0 x 720.0
09:52:14.043 [JavaFX Application Thread] DEBUG PrimaryStageWindow   - Scaled ratio: (1.0, 1.0)
09:52:14.043 [JavaFX Application Thread] DEBUG PrimaryStageWindow   - Scene size: 1280.0 x 720.0
09:52:14.044 [JavaFX Application Thread] DEBUG PrimaryStageWindow   - Stage size: 1294.4000244140625 x 757.5999755859375
09:52:14.056 [FXGL Background Thread 1 ] DEBUG Engine               - Initializing environment variables
09:52:14.109 [FXGL Background Thread 1 ] DEBUG FXGLAssetLoaderServi - User app class for loading assets: class com.demo.mainapp.crossyroaddemo.HelloApplication
09:52:14.110 [FXGL Background Thread 1 ] DEBUG GameApplicationServi - Applying CSS: fxgl_dark.css
09:52:14.111 [FXGL Background Thread 1 ] DEBUG FXGLAssetLoaderServi - Loading from file system: jar:file:///C:/Users/Admin/.m2/repository/com/github/almasb/fxgl/17.3/fxgl-17.3.jar!/fxglassets/ui/css/fxgl_dark.css
09:52:14.155 [FXGL Background Thread 1 ] DEBUG GameApplicationServi - Initializing application scenes
09:52:14.183 [FXGL Background Thread 1 ] DEBUG GameWorld            - Game world initialized
09:52:14.241 [FXGL Background Thread 1 ] DEBUG PhysicsWorld         - Physics world initialized: appHeight=720, physics.ppm=50.0
09:52:14.242 [FXGL Background Thread 1 ] DEBUG PhysicsWorld         - Using strategy: BRUTE_FORCE
09:52:14.246 [FXGL Background Thread 1 ] DEBUG GameScene            - Game scene initialized: 1280x720
09:52:14.257 [FXGL Background Thread 1 ] DEBUG FXGL.DefaultMenu     - createMenuBodyMainMenu()
09:52:14.276 [FXGL Background Thread 1 ] DEBUG FXGL.DefaultMenu     - createOptionsMenu()
09:52:14.283 [FXGL Background Thread 1 ] DEBUG FXGL.DefaultMenu     - createExtraMenu()
09:52:14.293 [FXGL Background Thread 1 ] DEBUG FXGLAssetLoaderServi - Loading from file system: jar:file:///C:/Users/Admin/.m2/repository/com/github/almasb/fxgl/17.3/fxgl-17.3.jar!/fxglassets/textures/particles/smoke.png
09:52:14.397 [FXGL Background Thread 1 ] DEBUG FXGLAssetLoaderServi - Loading from file system: jar:file:///C:/Users/Admin/.m2/repository/com/github/almasb/fxgl/17.3/fxgl-17.3.jar!/fxglassets/textures/particles/trace_horizontal.png
09:52:14.423 [FXGL Background Thread 1 ] DEBUG GameApplicationServi - Application scenes initialized
09:52:14.437 [FXGL Background Thread 1 ] DEBUG SystemBundleService  - Loading FXGL system data
09:52:14.445 [FXGL Background Thread 1 ] DEBUG FileSystemAccess     - Reading from: C:\Workspace\Do-an\FXGL-training\CrossyRoadDemo\system\fxgl.bundle
09:52:14.457 [FXGL Background Thread 1 ] DEBUG SystemBundleService  - Bundle FXGL: {}
09:52:14.458 [FXGL Background Thread 1 ] DEBUG UpdaterService       - Checking for updates
09:52:14.465 [FXGL Background Thread 4 ] DEBUG FXGLApplication      - Loading fonts
09:52:14.465 [FXGL Background Thread 4 ] DEBUG FXGLAssetLoaderServi - Loading from file system: jar:file:///C:/Users/Admin/.m2/repository/com/github/almasb/fxgl/17.3/fxgl-17.3.jar!/fxglassets/ui/fonts/VarelaRound-Regular.ttf
09:52:14.467 [FXGL Background Thread 1 ] DEBUG FXGLApplication      - Loading default localization
09:52:14.468 [FXGL Background Thread 1 ] DEBUG FXGLAssetLoaderServi - Loading from file system: jar:file:///C:/Users/Admin/.m2/repository/com/github/almasb/fxgl/17.3/fxgl-17.3.jar!/fxglassets/languages/english.lang
09:52:14.513 [FXGL Background Thread 1 ] INFO  FXGLApplication      - FXGL initialization took: 0.456 sec
09:52:14.514 [JavaFX Application Thread] DEBUG FXGLAssetLoaderServi - Loading from file system: jar:file:///C:/Users/Admin/.m2/repository/com/github/almasb/fxgl/17.3/fxgl-17.3.jar!/fxglassets/textures/fxgl_icon.png
09:52:14.537 [JavaFX Application Thread] DEBUG FXGLAssetLoaderServi - Loading from file system: jar:file:///C:/Users/Admin/.m2/repository/com/github/almasb/fxgl/17.3/fxgl-17.3.jar!/fxglassets/textures/fxgl_default_cursor.png
09:52:14.548 [FXGL Background Thread 4 ] DEBUG FXGLAssetLoaderServi - Loading from file system: jar:file:///C:/Users/Admin/.m2/repository/com/github/almasb/fxgl/17.3/fxgl-17.3.jar!/fxglassets/ui/fonts/Abel-Regular.ttf
09:52:14.551 [FXGL Background Thread 4 ] DEBUG FXGLAssetLoaderServi - Loading from file system: jar:file:///C:/Users/Admin/.m2/repository/com/github/almasb/fxgl/17.3/fxgl-17.3.jar!/fxglassets/ui/fonts/TerminalLandMono-Regular.otf
09:52:14.555 [JavaFX Application Thread] DEBUG Input                - Registered new binding: Screenshot - CTRL+8
09:52:14.555 [JavaFX Application Thread] DEBUG Input                - Registered new binding: System info dump - CTRL+9
09:52:14.555 [FXGL Background Thread 4 ] DEBUG FXGLAssetLoaderServi - Loading from file system: jar:file:///C:/Users/Admin/.m2/repository/com/github/almasb/fxgl/17.3/fxgl-17.3.jar!/fxglassets/ui/fonts/Courier-Prime.ttf
09:52:14.556 [JavaFX Application Thread] DEBUG Input                - Registered new binding: Restart - CTRL+R
09:52:14.557 [JavaFX Application Thread] DEBUG Input                - Registered new binding: Toggle Debug Camera - CTRL+7
09:52:14.561 [JavaFX Application Thread] DEBUG LoopRunner           - Starting loop
09:52:14.561 [JavaFX Application Thread] DEBUG LoopRunner           - Initializing JavaFX AnimationTimerLoop
09:52:14.566 [JavaFX Application Thread] DEBUG Input                - Clearing active input actions
09:52:14.577 [JavaFX Application Thread] DEBUG GameApplicationServi - Removing overlay from FXGLStartupScene and adding to FXGLMainMenuDummyScene
09:52:14.578 [JavaFX Application Thread] DEBUG PrimaryStageWindow   - FXGLStartupScene -> FXGLMainMenuDummyScene
09:52:14.578 [JavaFX Application Thread] DEBUG PrimaryStageWindow   - Push state: FXGLDefaultMenu
09:52:14.589 [JavaFX Application Thread] DEBUG Input                - Clearing active input actions
09:52:14.599 [JavaFX Application Thread] DEBUG GameApplicationServi - Removing overlay from FXGLMainMenuDummyScene and adding to FXGLDefaultMenu
09:52:14.601 [JavaFX Application Thread] DEBUG PrimaryStageWindow   - FXGLMainMenuDummyScene -> FXGLDefaultMenu
09:52:14.601 [JavaFX Application Thread] DEBUG FXGLApplication      - Registering font factories with UI factory
09:52:15.936 [FXGL Background Thread 2 ] INFO  UpdaterService       - Your current version:  17.3
09:52:15.937 [FXGL Background Thread 2 ] INFO  UpdaterService       - Latest stable version: 21.1
09:52:16.851 [JavaFX Application Thread] DEBUG FXGLApplication      - Exiting FXGL
09:52:16.851 [JavaFX Application Thread] DEBUG LoopRunner           - Stopping loop
09:52:16.851 [JavaFX Application Thread] DEBUG SystemBundleService  - Saving FXGL system data
09:52:16.856 [JavaFX Application Thread] DEBUG FileSystemAccess     - Writing to: C:\Workspace\Do-an\FXGL-training\CrossyRoadDemo\system\fxgl.bundle
09:52:16.858 [JavaFX Application Thread] DEBUG Async                - Shutting down background threads
09:52:16.858 [JavaFX Application Thread] DEBUG PrimaryStageWindow   - Closing main window
09:52:16.886 [JavaFX Application Thread] DEBUG Logger               - Closing Logger
